15
15
359
519
789
959
1055
1215
1359
1503
1663
1857
2001
2145
2387
2533
2693
2853
3013
3173
3411
3539
3699
3843
4003
4163
4323
4549
4661
4855
5015
5193
5353
5513
5673
5833
5977
6203
6331
6491
6685
6845
7005
7183
7393
7521
7681
7875
8035
8195
8461
8589
8749
8893
9053
9229
10135
10879
10879
10879
10879
10879
10879
10879
10879
10879
10879
10879
10879
10879
10879
10879
10879
10879
10879
10879
10879
10879
10879
10879
10879
10879
10879
10879
10879
10879
10879
10879
10879
10879
10879
10879
10879
10879
10879
10879
10879
10879
10879
10879
10879
10879
10879
10879
10879
10879
10879
10879
10879
10879
10991
10991
10991
10991
10991
10991
10991
10991
10995
10995
10995
10995
10995
10995
10995
10995
10963
10963
11027
11027
11027
11027
11027
11027
11033
11033
11033
11033
11033
11033
11033
11033
11029
11029
11029
11029
11029
11029
11029
11029
11053
11053
11053
11053
11053
11053
11053
11053
10921
10921
10921
10921
10921
10921
10921
10891
10891
10891
10955
10955
10955
10955
10955
10893
10893
10893
10893
10893
10893
10957
10957
10893
10893
10893
10893
10893
10893
10893
10893
11005
11005
11005
11005
11005
11005
11005
11005
10953
10953
10953
10953
10953
10953
10953
10953
10955
10955
10955
10955
10955
10955
10955
10955
10955
10955
10955
10955
10955
10955
10955
10955
10893
10893
10893
10893
10893
10893
10893
10957
10957
10957
10957
10957
10957
10957
10957
10957
10957
10957
10957
10957
10957
10957
10957
10957
10895
10895
10895
10895
10895
10895
10895
10895
10895
10895
10895
10895
10895
10895
10895
10895
10951
10951
10951
10951
10951
10951
10951
10951
10951
10955
10955
10955
10955
10955
10955
10955
10955
10959
10959
10959
10959
10959
10959
10959
10959
10953
10953
10953
10953
10953
10953
10953
10953
10897
10897
10897
10897
10897
10897
10897
10961
10961
10955
10955
10955
10955
10955
10955
10955
10955
10931
10931
10931
10931
10931
10931
10931
10931
10933
10933
10933
10933
10933
10933
10933
10933
10933
10875
10875
10875
10939
10939
10939
10939
10939
10875
10875
10875
10875
10875
10939
10939
10939
10939
10935
10935
10935
10935
10935
10935
10935
10935
10933
10933
10933
10933
10933
10933
10933
10933
10933
10937
10937
10937
10937
10937
10937
10937
10937
10935
10935
10935
10935
10935
10935
10935
10935
10863
10863
10863
10863
10863
10863
10863
10927
10927
10927
10927
10927
10927
10927
10927
10927
10927
10861
10925
10925
10925
10925
10925
10925
10925
10925
10927
10927
10927
10927
10927
10927
10927
10927
10925
10925
10925
10925
10925
10925
10925
10925
10925
10865
10865
10865
10865
10865
10929
10929
10929
10865
10865
10865
10865
10865
10929
10929
10929
10929
10923
10923
10923
10923
10923
10923
10923
10923
10921
10921
10921
10921
10921
10921
10921
10921
10921
10921
10921
10921
10921
10921
10921
10921
10921
10929
10929
10929
10929
10929
10929
10929
10929
10929
10921
10921
10921
10921
10921
10921
10921
10921
10867
10931
10931
10931
10931
10931
10931
10931
10931
10867
10867
10867
10867
10931
10931
10931
10931
10931
10927
10927
10927
10927
10927
10927
10927
10927
10927
10931
10931
10931
10931
10931
10931
10931
10931
10867
10931
10931
10931
10931
10931
10931
10931
10931
10929
10929
10929
10929
10929
10929
10929
10929
10869
10933
10933
10933
10933
10933
10933
10933
10933
10869
10933
10933
10933
10933
10933
10933
10933
10863
10927
10927
10927
10927
10927
10927
10927
10927
10869
10933
10933
10933
10933
10933
10933
10933
10933
10869
10869
10869
10869
10869
10869
10869
10869
10867
10931
10931
10931
10931
10931
10931
10931
10931
10925
10925
10925
10925
10925
10925
10925
10925
10925
10869
10869
10933
10933
10933
10933
10933
10933
10867
10931
10931
10931
10931
10931
10931
10931
10931
10869
10869
10869
10933
10933
10933
10933
10933
10933
10931
10931
10931
10931
10931
10931
10931
10931
10931
10931
10931
10931
10931
10931
10931
10931
10931
10931
10929
10929
10929
10929
10929
10929
10929
10929
10929
10929
10929
10929
10929
10929
10929
10929
10929
10929
10929
10929
10929
10929
10929
10929
10929
10929
10929
10929
10929
10929
10929
10929
10929
10929
10929
10929
10929
10929
10929
10929
10929
10929
10929
10929
10929
10929
10929
10929
10929
10929
10929
10929
10929
10929
10929
10929
10929
10929
10929
10929
10929
10929
10929
10929
10929
10929
10929
10929
10929
10929
10929
10929
10929
10929
10929
10929
10929
10929
10929
10929
10929
10929
10929
10929
10929
10929
10929
10929
10929
10929
10929
10929
10929
10929
10929
10929
10929
10929
10929
10929
10929
10929
10929
10929
10929
10929
10929
10929
10929
10929
10929
10929
10929
10929
10929
10929
10929
10929
10929
10929
10929
10929
10929
10929
10929
10929
10929
10929
10929
10929
10929
10929
10929
10929
10929
10929
10929
10929
10929
10929
10929
10929
10929
10929
10929
10929
10929
10929
10929
10929
10929
10929
10929
10929
10929
10929
10929
10929
10929
10929
10929
10929
10929
10929
10929
10929
10929
10929
10929
10929
10929
10929
10929
10929
10929
10929
10929
10929
10929
10929
10929
10929
10929
10929
10917
10917
10917
10917
10917
10917
10917
10917
10917
10917
10917
10917
10917
10917
10917
10917
10917
10917
10917
10917
10917
10917
10917
10917
10917
10917
10917
10917
10917
10917
10917
10917
10917
10917
10917
10917
10917
10917
10917
10917
10917
10917
10917
10865
10929
10929
10929
10929
10929
10929
10929
10929
10929
10929
10929
10929
10929
10929
10929
10929
10929
10929
10929
10929
10929
10929
10929
10929
10929
10929
10929
10929
10929
10929
10929
10929
10929
10929
10929
10929
10929
10929
10929
10929
10929
10929
10935
10935
10935
10935
10935
10935
10935
10935
10935
10935
10935
10935
10935
10935
10935
10935
10935
10935
10935
10935
10935
10935
10935
10935
10935
10935
10935
10935
10935
10935
10935
10935
10935
10935
10935
10935
10935
10935
10935
10935
10935
10935
10935
10939
10939
10939
10939
10939
10939
10939
10939
10939
10939
10939
10939
10939
10939
10939
10939
10939
10939
10939
10939
10939
10939
10939
10939
10939
10939
10939
10939
10939
10939
10939
10939
10939
10939
10939
10939
10939
10939
10939
10939
10939
10939
10939
10941
10941
10941
10941
10941
10941
10941
10941
10941
10941
10941
10941
10941
10941
10941
10941
10941
10941
10941
10941
10941
10941
10941
10941
10941
10941
10941
10941
10941
10941
10941
10941
10941
10941
10941
10941
10941
10941
10941
10941
10941
10941
10941
10941
10941
10879
10879
10879
10879
10879
10879
10879
10879
10879
10879
10879
10879
10879
10879
10879
10879
10879
10879
10879
10879
10879
10879
10879
10879
10943
10943
10943
10943
10943
10943
10943
10943
10943
10943
10943
10943
10943
10943
10943
10943
10943
10943
10943
10943
10943
10943
10943
10943
10943
10943
10943
10943
10943
10943
10943
10943
10943
10943
10943
10943
10943
10943
10943
10943
10943
10943
10943
10943
10943
10943
10943
10943
10943
10943
10943
10943
10943
10943
10943
10943
10943
10943
10943
10943
10943
10943
10943
10943
10943
10939
10939
10939
10939
10939
10939
10939
10939
10939
10939
10939
10939
10939
10939
10939
10939
10939
10939
10939
10939
10939
10939
10939
10939
10939
10939
10939
10939
10939
10939
10939
10939
10939
10939
10939
10939
10939
10939
10939
10939
10939
10939
10939
10939
10941
10941
10941
10941
10941
10941
10941
10941
10941
10941
10941
10941
10941
10941
10941
10941
10941
10941
10941
10941
10941
10941
10941
10941
10941
10941
10941
10941
10941
10941
10941
10941
10941
10941
10941
10941
10941
10941
10941
10941
10941
10941
10941
10941
10931
10997
10997
10997
10997
10997
10997
10997
10997
10997
10997
10997
10997
10997
10997
10997
10997
10997
10997
10997
10997
10997
10997
10997
10997
10997
10997
10997
10997
10997
10997
10997
10997
10997
10997
10997
10997
10997
10997
10997
10997
10997
10997
10997
10879
10879
10879
10879
10879
10879
10879
10879
10879
10879
10879
10879
10879
10879
10879
10879
10879
10879
10879
10879
10879
10879
10879
10879
10879
10879
10879
10879
10879
10879
10879
10879
10879
10879
10879
10879
10879
10879
10879
10879
10879
10879
10879
10879
10877
11011
11011
11011
11011
11011
11011
11011
11011
11011
11011
11011
11011
11011
11011
11011
11011
11011
11011
11011
11011
11011
11011
11011
11011
11011
11011
11011
11011
11011
11011
11011
11011
11011
11011
11011
11011
11011
11011
11011
11011
11011
11011
11011
11011
10861
10861
10861
10861
10861
10861
10861
10861
10861
10861
10861
10861
10861
10861
10861
10861
10861
10861
10861
10861
10861
10861
10861
10861
10861
10861
10861
10861
10861
10861
10861
10861
10861
10861
10861
10861
10861
10861
10861
10861
10861
10861
10861
10931
10931
10917
10987
10987
10987
10987
10987
10987
10987
10987
10987
10987
10987
10987
10987
10987
10987
10987
10987
10987
10987
10987
10987
10987
10987
10987
10987
10987
10987
10987
10987
10987
10987
10987
10987
10987
10987
10987
10987
10987
10987
10987
10987
10987
10987
10987
10923
10993
10993
10993
10993
10993
10993
10993
10993
10993
10993
10993
10993
10993
10993
10993
10993
10993
10993
10993
10993
10993
10993
10993
10993
10993
10993
10993
10993
10993
10993
10993
10993
10993
10993
10993
10993
10993
10993
10993
10993
10993
10993
10993
10993
10857
10927
10927
10927
10927
10927
10927
10927
10927
10927
10927
10927
10927
10927
10927
10927
10927
10927
10927
10927
10927
10927
10927
10927
10927
10927
10927
10927
10927
10927
10999
10999
10999
10999
10999
10999
10999
10999
10999
10999
10999
10999
10999
10999
10999
10999
10859
10931
10931
10931
10931
10931
10931
10931
10931
10931
10931
10931
10931
10931
10931
10931
10931
10931
10931
10931
10931
10931
10931
10931
10931
10931
10931
10931
10931
10931
10931
10931
10931
10931
10931
10931
10931
10931
10931
10931
10931
10931
10931
10931
10931
10859
10859
10931
10931
10931
10931
10931
10931
10931
10931
10931
10931
10931
10931
10931
10931
10931
10931
10931
10931
10931
10931
10931
10931
10931
10931
10931
10931
10931
10931
10931
10931
10931
10931
10931
10931
10931
10931
10931
10931
10931
10931
10931
10931
10931
10931
10991
10991
10991
10991
10991
10991
10991
10991
10991
10991
10991
10991
10991
10991
10991
10991
10991
10991
10991
10991
10991
10991
10991
10991
10991
10991
10991
10991
10991
10991
10991
10991
10991
10991
10991
10991
10991
10991
10991
10991
10991
10991
10991
10991
10991
10991
10929
10929
10929
10929
10929
10929
10929
11003
11003
11003
11003
11003
11003
11003
11003
11003
11003
11003
11003
11003
11003
11003
11003
11003
11003
11003
11003
11003
11003
11003
11003
11003
11003
11003
11003
11003
11003
11003
11003
11003
11003
11003
11003
11003
11003
11003
10861
10861
10861
10861
10861
10861
10861
10861
10861
10861
10861
10861
10861
10861
10861
10861
10861
10861
10861
10861
10861
10861
10861
10861
10861
10861
10861
10861
10861
10861
10861
10861
10861
10861
10861
10861
10861
10861
10861
10861
10861
10861
10861
10861
10861
10861
10861
10933
10933
10933
10933
10933
10933
10933
10933
10933
10933
10933
10933
10933
10933
10933
10933
10933
10933
10933
10933
10933
10933
10933
10933
10933
10933
10933
10933
10933
10933
10933
10933
10933
10933
10933
10933
10933
10933
10933
10933
10933
10933
10933
10933
10933
10933
11061
11061
11061
11061
11061
11061
11061
11061
11061
11061
11061
11061
11061
11061
11061
11061
11061
11061
11061
11061
11061
11061
11061
11061
11061
11061
11061
11061
11061
11061
11061
11061
11061
11061
11061
11061
11061
11061
11061
11061
11061
11061
11061
11061
11061
11061
10857
10857
10857
10857
10857
10857
10857
10857
10857
10857
10857
10857
10857
10857
10857
10857
10857
10857
10857
10857
10857
10857
10857
10857
10857
10857
10857
10857
10857
10933
10933
10933
10933
10933
10933
10933
10933
10933
10933
10933
10933
10933
10933
10933
10933
10933
10929
10929
10929
11005
11005
11005
11005
11005
11005
11005
11005
11005
11005
11005
11005
11005
11005
11005
11005
11005
11005
11005
11005
11005
11005
11005
11005
11005
11005
11005
11005
11005
11005
11005
11005
11005
11005
11005
11005
11005
11005
11005
11005
11005
11005
11005
11005
10929
11005
11005
11005
11005
11005
11005
11005
11005
11005
11005
11005
11005
11005
11005
11005
11005
11005
11005
11005
11005
11005
11005
11005
11005
11005
11005
11005
11005
11005
11005
11005
11005
11005
11005
11005
11005
11005
11005
11005
11005
11005
11005
11005
11005
11005
11005
11005
11005
11005
11005
11005
11005
11005
11005
11005
11005
11005
11005
11005
11005
11005
11005
11005
11005
11005
11005
11005
11005
11005
11005
11005
11005
11005
11005
11005
11005
11005
11005
11005
11005
11005
11005
11005
11005
11005
11005
11005
11005
11005
11005
11005
11005
11005
10999
10999
10999
10999
10999
10999
10999
10999
10999
10999
10999
10999
10999
10999
10999
10999
10999
10999
10999
10999
11077
11077
11077
11077
11077
11077
11077
11077
11077
11077
11077
11077
11077
11077
11077
11077
11077
11077
11077
11077
11077
11077
11077
11077
11077
11077
11077
10913
11067
11067
11067
11067
11067
11067
11067
11067
11067
11067
11067
11067
11067
11067
11067
11067
11067
11067
11067
11067
11067
11067
11067
11067
11067
11067
11067
11067
11067
11067
11067
11067
11067
11067
11067
11067
11067
11067
11067
11067
11067
11067
11067
11067
11067
11067
11067
10857
10935
10935
10935
10935
10935
10935
10935
10935
10935
10935
10935
10935
10935
10935
10935
10935
10935
10935
10935
10935
10935
10935
10935
10935
10935
10935
10935
10935
10935
10935
10935
10935
10935
10935
10935
10935
10935
10935
10935
10935
10935
10935
10935
10935
10935
10935
10935
10947
10947
10947
10947
10947
10947
10947
10947
10947
10947
10947
10947
10947
10947
10947
10947
10947
10947
10947
10947
10947
10947
10947
10947
10947
10947
10947
10947
10947
10947
10947
10947
10947
10947
10947
10947
10947
10947
10947
10947
10947
10947
10947
10947
10947
10947
10947
10947
10947
10947
10947
10947
10947
10947
10947
10947
10947
10947
10947
10947
10947
10947
10947
11025
11025
11025
11025
11025
11025
11025
11025
11025
11025
11025
11025
11025
11025
11025
11025
11025
11025
11025
11025
11025
11025
11025
11025
11025
11025
11025
11025
11025
10883
10961
10961
10961
10961
10961
10961
10961
10961
10961
10961
10961
10961
10961
10961
10961
10961
10961
10961
10961
10961
10961
10961
10961
10961
10961
10961
10961
10961
10961
10961
10961
10961
10961
10961
10961
10961
10961
10961
10961
10961
10961
10961
10961
10961
10961
10961
10961
10961
10961
10961
10961
10961
10961
10961
10961
10961
10961
10961
10961
10961
10961
10961
10961
10961
10961
10961
10961
10961
10961
10961
10961
10961
10961
10961
10961
10961
10961
10961
10961
10961
10961
10961
10961
10961
10961
10961
10961
10961
10961
10961
10961
10961
10397
